{"/home/vijayp/Desktop/meanStack-work/Node-Demo-Structure/Test/Router/route.js":{"path":"/home/vijayp/Desktop/meanStack-work/Node-Demo-Structure/Test/Router/route.js","s":{"1":1,"2":1,"3":1,"4":1,"5":1,"6":0,"7":0,"8":0,"9":0,"10":0,"11":0,"12":0,"13":0,"14":0,"15":0,"16":0,"17":0,"18":0,"19":0,"20":0,"21":0,"22":0,"23":0,"24":0,"25":0,"26":0,"27":0,"28":0,"29":0,"30":0,"31":0,"32":0,"33":0,"34":0,"35":0,"36":0,"37":0,"38":0,"39":0,"40":0,"41":0,"42":0,"43":0,"44":0,"45":0,"46":0},"b":{},"f":{},"fnMap":{},"statementMap":{"1":{"start":{"line":1,"column":0},"end":{"line":1,"column":27}},"2":{"start":{"line":2,"column":0},"end":{"line":2,"column":36}},"3":{"start":{"line":3,"column":0},"end":{"line":3,"column":27}},"4":{"start":{"line":4,"column":0},"end":{"line":4,"column":19}},"5":{"start":{"line":5,"column":0},"end":{"line":5,"column":37}},"6":{"start":{"line":6,"column":0},"end":{"line":6,"column":25}},"7":{"start":{"line":9,"column":0},"end":{"line":98,"column":3}},"8":{"start":{"line":10,"column":2},"end":{"line":11,"column":162}},"9":{"start":{"line":12,"column":2},"end":{"line":22,"column":5}},"10":{"start":{"line":13,"column":4},"end":{"line":21,"column":9}},"11":{"start":{"line":18,"column":8},"end":{"line":18,"column":36}},"12":{"start":{"line":19,"column":8},"end":{"line":19,"column":39}},"13":{"start":{"line":20,"column":8},"end":{"line":20,"column":15}},"14":{"start":{"line":23,"column":2},"end":{"line":32,"column":5}},"15":{"start":{"line":24,"column":4},"end":{"line":31,"column":9}},"16":{"start":{"line":28,"column":8},"end":{"line":28,"column":36}},"17":{"start":{"line":29,"column":8},"end":{"line":29,"column":39}},"18":{"start":{"line":30,"column":8},"end":{"line":30,"column":15}},"19":{"start":{"line":33,"column":2},"end":{"line":44,"column":5}},"20":{"start":{"line":34,"column":4},"end":{"line":34,"column":73}},"21":{"start":{"line":35,"column":4},"end":{"line":43,"column":9}},"22":{"start":{"line":40,"column":8},"end":{"line":40,"column":36}},"23":{"start":{"line":41,"column":8},"end":{"line":41,"column":39}},"24":{"start":{"line":42,"column":8},"end":{"line":42,"column":15}},"25":{"start":{"line":45,"column":2},"end":{"line":57,"column":5}},"26":{"start":{"line":46,"column":4},"end":{"line":56,"column":9}},"27":{"start":{"line":51,"column":8},"end":{"line":51,"column":30}},"28":{"start":{"line":53,"column":8},"end":{"line":53,"column":36}},"29":{"start":{"line":54,"column":8},"end":{"line":54,"column":39}},"30":{"start":{"line":55,"column":8},"end":{"line":55,"column":15}},"31":{"start":{"line":58,"column":2},"end":{"line":68,"column":5}},"32":{"start":{"line":59,"column":4},"end":{"line":67,"column":9}},"33":{"start":{"line":64,"column":8},"end":{"line":64,"column":36}},"34":{"start":{"line":65,"column":8},"end":{"line":65,"column":39}},"35":{"start":{"line":66,"column":8},"end":{"line":66,"column":15}},"36":{"start":{"line":69,"column":2},"end":{"line":86,"column":5}},"37":{"start":{"line":70,"column":4},"end":{"line":75,"column":6}},"38":{"start":{"line":76,"column":4},"end":{"line":85,"column":9}},"39":{"start":{"line":82,"column":8},"end":{"line":82,"column":36}},"40":{"start":{"line":83,"column":8},"end":{"line":83,"column":39}},"41":{"start":{"line":84,"column":8},"end":{"line":84,"column":15}},"42":{"start":{"line":87,"column":2},"end":{"line":97,"column":5}},"43":{"start":{"line":88,"column":4},"end":{"line":96,"column":9}},"44":{"start":{"line":93,"column":8},"end":{"line":93,"column":36}},"45":{"start":{"line":94,"column":8},"end":{"line":94,"column":39}},"46":{"start":{"line":95,"column":8},"end":{"line":95,"column":15}}},"branchMap":{}},"/home/vijayp/Desktop/meanStack-work/Node-Demo-Structure/server.js":{"path":"/home/vijayp/Desktop/meanStack-work/Node-Demo-Structure/server.js","s":{"1":1,"2":1,"3":1,"4":1,"5":1,"6":1,"7":1,"8":1,"9":0,"10":0,"11":0,"12":0,"13":0},"b":{},"f":{},"fnMap":{},"statementMap":{"1":{"start":{"line":1,"column":0},"end":{"line":1,"column":35}},"2":{"start":{"line":2,"column":0},"end":{"line":2,"column":22}},"3":{"start":{"line":3,"column":0},"end":{"line":3,"column":18}},"4":{"start":{"line":4,"column":0},"end":{"line":4,"column":42}},"5":{"start":{"line":5,"column":0},"end":{"line":5,"column":52}},"6":{"start":{"line":6,"column":0},"end":{"line":6,"column":27}},"7":{"start":{"line":7,"column":0},"end":{"line":7,"column":27}},"8":{"start":{"line":9,"column":0},"end":{"line":9,"column":46}},"9":{"start":{"line":10,"column":0},"end":{"line":10,"column":44}},"10":{"start":{"line":11,"column":0},"end":{"line":11,"column":24}},"11":{"start":{"line":13,"column":0},"end":{"line":15,"column":3}},"12":{"start":{"line":14,"column":2},"end":{"line":14,"column":42}},"13":{"start":{"line":16,"column":0},"end":{"line":16,"column":21}}},"branchMap":{}},"/home/vijayp/Desktop/meanStack-work/Node-Demo-Structure/app/Router/route.js":{"path":"/home/vijayp/Desktop/meanStack-work/Node-Demo-Structure/app/Router/route.js","s":{"1":1,"2":1,"3":1,"4":1,"5":1,"6":1,"7":1,"8":1,"9":1,"10":1,"11":1,"12":0,"13":1,"14":0,"15":0,"16":0,"17":0,"18":0,"19":0,"20":0,"21":0,"22":0,"23":0,"24":0,"25":0,"26":0,"27":0,"28":0,"29":0,"30":0,"31":0,"32":0,"33":0,"34":0,"35":0,"36":0,"37":0,"38":0,"39":0,"40":0,"41":0,"42":0,"43":0,"44":0},"b":{"1":[0,0],"2":[0,0],"3":[0,0]},"f":{"1":0,"2":0,"3":0,"4":0,"5":0,"6":0,"7":0,"8":0},"fnMap":{"1":{"name":"(anonymous_1)","line":21,"loc":{"start":{"line":21,"column":35},"end":{"line":21,"column":54}}},"2":{"name":"(anonymous_2)","line":35,"loc":{"start":{"line":35,"column":46},"end":{"line":35,"column":65}}},"3":{"name":"(anonymous_3)","line":40,"loc":{"start":{"line":40,"column":37},"end":{"line":40,"column":56}}},"4":{"name":"(anonymous_4)","line":43,"loc":{"start":{"line":43,"column":45},"end":{"line":43,"column":64}}},"5":{"name":"(anonymous_5)","line":46,"loc":{"start":{"line":46,"column":47},"end":{"line":46,"column":66}}},"6":{"name":"(anonymous_6)","line":49,"loc":{"start":{"line":49,"column":44},"end":{"line":49,"column":63}}},"7":{"name":"(anonymous_7)","line":57,"loc":{"start":{"line":57,"column":26},"end":{"line":57,"column":45}}},"8":{"name":"(anonymous_8)","line":60,"loc":{"start":{"line":60,"column":19},"end":{"line":60,"column":38}}}},"statementMap":{"1":{"start":{"line":1,"column":0},"end":{"line":1,"column":33}},"2":{"start":{"line":2,"column":0},"end":{"line":2,"column":37}},"3":{"start":{"line":5,"column":0},"end":{"line":5,"column":66}},"4":{"start":{"line":6,"column":0},"end":{"line":6,"column":48}},"5":{"start":{"line":7,"column":0},"end":{"line":7,"column":22}},"6":{"start":{"line":8,"column":0},"end":{"line":8,"column":42}},"7":{"start":{"line":10,"column":0},"end":{"line":14,"column":43}},"8":{"start":{"line":15,"column":0},"end":{"line":15,"column":28}},"9":{"start":{"line":18,"column":0},"end":{"line":18,"column":23}},"10":{"start":{"line":19,"column":0},"end":{"line":19,"column":31}},"11":{"start":{"line":21,"column":0},"end":{"line":23,"column":3}},"12":{"start":{"line":22,"column":2},"end":{"line":22,"column":61}},"13":{"start":{"line":27,"column":0},"end":{"line":27,"column":31}},"14":{"start":{"line":28,"column":0},"end":{"line":28,"column":58}},"15":{"start":{"line":29,"column":0},"end":{"line":33,"column":2}},"16":{"start":{"line":35,"column":0},"end":{"line":39,"column":3}},"17":{"start":{"line":36,"column":2},"end":{"line":36,"column":28}},"18":{"start":{"line":38,"column":2},"end":{"line":38,"column":44}},"19":{"start":{"line":40,"column":0},"end":{"line":42,"column":3}},"20":{"start":{"line":41,"column":2},"end":{"line":41,"column":33}},"21":{"start":{"line":43,"column":0},"end":{"line":45,"column":3}},"22":{"start":{"line":44,"column":2},"end":{"line":44,"column":47}},"23":{"start":{"line":46,"column":0},"end":{"line":48,"column":3}},"24":{"start":{"line":47,"column":2},"end":{"line":47,"column":47}},"25":{"start":{"line":49,"column":0},"end":{"line":51,"column":3}},"26":{"start":{"line":50,"column":2},"end":{"line":50,"column":39}},"27":{"start":{"line":52,"column":0},"end":{"line":52,"column":51}},"28":{"start":{"line":53,"column":0},"end":{"line":53,"column":46}},"29":{"start":{"line":54,"column":0},"end":{"line":54,"column":44}},"30":{"start":{"line":57,"column":0},"end":{"line":59,"column":3}},"31":{"start":{"line":58,"column":2},"end":{"line":58,"column":32}},"32":{"start":{"line":60,"column":0},"end":{"line":62,"column":3}},"33":{"start":{"line":61,"column":2},"end":{"line":61,"column":23}},"34":{"start":{"line":67,"column":0},"end":{"line":89,"column":3}},"35":{"start":{"line":68,"column":2},"end":{"line":68,"column":31}},"36":{"start":{"line":69,"column":2},"end":{"line":74,"column":4}},"37":{"start":{"line":77,"column":2},"end":{"line":84,"column":3}},"38":{"start":{"line":79,"column":4},"end":{"line":83,"column":5}},"39":{"start":{"line":80,"column":6},"end":{"line":80,"column":31}},"40":{"start":{"line":81,"column":6},"end":{"line":82,"column":95}},"41":{"start":{"line":86,"column":2},"end":{"line":88,"column":3}},"42":{"start":{"line":87,"column":4},"end":{"line":87,"column":53}},"43":{"start":{"line":92,"column":0},"end":{"line":92,"column":40}},"44":{"start":{"line":95,"column":0},"end":{"line":95,"column":21}}},"branchMap":{"1":{"line":77,"type":"if","locations":[{"start":{"line":77,"column":2},"end":{"line":77,"column":2}},{"start":{"line":77,"column":2},"end":{"line":77,"column":2}}]},"2":{"line":79,"type":"if","locations":[{"start":{"line":79,"column":4},"end":{"line":79,"column":4}},{"start":{"line":79,"column":4},"end":{"line":79,"column":4}}]},"3":{"line":86,"type":"if","locations":[{"start":{"line":86,"column":2},"end":{"line":86,"column":2}},{"start":{"line":86,"column":2},"end":{"line":86,"column":2}}]}}},"/home/vijayp/Desktop/meanStack-work/Node-Demo-Structure/app/Model/schema/Users.js":{"path":"/home/vijayp/Desktop/meanStack-work/Node-Demo-Structure/app/Model/schema/Users.js","s":{"1":1,"2":1,"3":1,"4":1},"b":{},"f":{},"fnMap":{},"statementMap":{"1":{"start":{"line":1,"column":0},"end":{"line":1,"column":37}},"2":{"start":{"line":2,"column":0},"end":{"line":2,"column":31}},"3":{"start":{"line":4,"column":0},"end":{"line":17,"column":3}},"4":{"start":{"line":21,"column":0},"end":{"line":21,"column":48}}},"branchMap":{}},"/home/vijayp/Desktop/meanStack-work/Node-Demo-Structure/app/Config/db.js":{"path":"/home/vijayp/Desktop/meanStack-work/Node-Demo-Structure/app/Config/db.js","s":{"1":1,"2":1,"3":1,"4":1,"5":0,"6":1},"b":{},"f":{},"fnMap":{},"statementMap":{"1":{"start":{"line":3,"column":0},"end":{"line":3,"column":37}},"2":{"start":{"line":4,"column":0},"end":{"line":7,"column":3}},"3":{"start":{"line":8,"column":0},"end":{"line":8,"column":39}},"4":{"start":{"line":9,"column":0},"end":{"line":11,"column":3}},"5":{"start":{"line":10,"column":2},"end":{"line":10,"column":71}},"6":{"start":{"line":12,"column":0},"end":{"line":12,"column":28}}},"branchMap":{}},"/home/vijayp/Desktop/meanStack-work/Node-Demo-Structure/app/Helpers/validation.js":{"path":"/home/vijayp/Desktop/meanStack-work/Node-Demo-Structure/app/Helpers/validation.js","s":{"1":1,"2":1,"3":1,"4":0,"5":0,"6":0,"7":0,"8":1},"b":{},"f":{"1":0,"2":0},"fnMap":{"1":{"name":"(anonymous_1)","line":28,"loc":{"start":{"line":28,"column":15},"end":{"line":28,"column":23}}},"2":{"name":"(anonymous_2)","line":38,"loc":{"start":{"line":38,"column":18},"end":{"line":38,"column":25}}}},"statementMap":{"1":{"start":{"line":1,"column":0},"end":{"line":1,"column":54}},"2":{"start":{"line":2,"column":0},"end":{"line":2,"column":39}},"3":{"start":{"line":4,"column":0},"end":{"line":20,"column":38}},"4":{"start":{"line":29,"column":4},"end":{"line":29,"column":159}},"5":{"start":{"line":30,"column":4},"end":{"line":30,"column":47}},"6":{"start":{"line":31,"column":4},"end":{"line":31,"column":22}},"7":{"start":{"line":39,"column":4},"end":{"line":39,"column":35}},"8":{"start":{"line":42,"column":0},"end":{"line":42,"column":28}}},"branchMap":{}},"/home/vijayp/Desktop/meanStack-work/Node-Demo-Structure/app/Helpers/CryptrPassword.js":{"path":"/home/vijayp/Desktop/meanStack-work/Node-Demo-Structure/app/Helpers/CryptrPassword.js","s":{"1":1,"2":1,"3":0,"4":0,"5":1},"b":{},"f":{"1":0,"2":0},"fnMap":{"1":{"name":"(anonymous_1)","line":9,"loc":{"start":{"line":9,"column":9},"end":{"line":9,"column":16}}},"2":{"name":"(anonymous_2)","line":18,"loc":{"start":{"line":18,"column":9},"end":{"line":18,"column":16}}}},"statementMap":{"1":{"start":{"line":1,"column":0},"end":{"line":1,"column":33}},"2":{"start":{"line":2,"column":0},"end":{"line":2,"column":47}},"3":{"start":{"line":10,"column":4},"end":{"line":10,"column":32}},"4":{"start":{"line":19,"column":4},"end":{"line":19,"column":32}},"5":{"start":{"line":23,"column":0},"end":{"line":23,"column":32}}},"branchMap":{}},"/home/vijayp/Desktop/meanStack-work/Node-Demo-Structure/app/Http/controller/auth.js":{"path":"/home/vijayp/Desktop/meanStack-work/Node-Demo-Structure/app/Http/controller/auth.js","s":{"1":1,"2":1,"3":1,"4":1,"5":1,"6":0,"7":0,"8":0,"9":0,"10":0,"11":0,"12":0,"13":0,"14":0,"15":0,"16":0},"b":{"1":[0,0],"2":[0,0]},"f":{"1":0,"2":0},"fnMap":{"1":{"name":"(anonymous_1)","line":13,"loc":{"start":{"line":13,"column":7},"end":{"line":13,"column":26}}},"2":{"name":"(anonymous_2)","line":26,"loc":{"start":{"line":26,"column":7},"end":{"line":26,"column":18}}}},"statementMap":{"1":{"start":{"line":1,"column":0},"end":{"line":1,"column":50}},"2":{"start":{"line":2,"column":0},"end":{"line":2,"column":60}},"3":{"start":{"line":3,"column":0},"end":{"line":3,"column":33}},"4":{"start":{"line":4,"column":0},"end":{"line":4,"column":27}},"5":{"start":{"line":6,"column":0},"end":{"line":47,"column":2}},"6":{"start":{"line":14,"column":4},"end":{"line":17,"column":7}},"7":{"start":{"line":15,"column":6},"end":{"line":16,"column":27}},"8":{"start":{"line":15,"column":15},"end":{"line":15,"column":32}},"9":{"start":{"line":16,"column":11},"end":{"line":16,"column":27}},"10":{"start":{"line":27,"column":4},"end":{"line":30,"column":6}},"11":{"start":{"line":31,"column":4},"end":{"line":45,"column":9}},"12":{"start":{"line":34,"column":8},"end":{"line":36,"column":9}},"13":{"start":{"line":35,"column":10},"end":{"line":35,"column":44}},"14":{"start":{"line":37,"column":8},"end":{"line":37,"column":42}},"15":{"start":{"line":40,"column":8},"end":{"line":43,"column":10}},"16":{"start":{"line":44,"column":8},"end":{"line":44,"column":43}}},"branchMap":{"1":{"line":15,"type":"if","locations":[{"start":{"line":15,"column":6},"end":{"line":15,"column":6}},{"start":{"line":15,"column":6},"end":{"line":15,"column":6}}]},"2":{"line":34,"type":"if","locations":[{"start":{"line":34,"column":8},"end":{"line":34,"column":8}},{"start":{"line":34,"column":8},"end":{"line":34,"column":8}}]}}}}